Start testing: May 10 06:17 UTC
----------------------------------------------------------
1/1 Testing: sayo-test
1/1 Test: sayo-test
Command: "/workspaces/sayo/build/test/sayo-test"
Directory: /workspaces/sayo/build/test
"sayo-test" start time: May 10 06:17 UTC
Output:
----------------------------------------------------------
Running main() from /workspaces/sayo/build/_deps/googletest-src/googletest/src/gtest_main.cc
[==========] Running 1 test from 1 test suite.
[----------] Global test environment set-up.
[----------] 1 test from UniquifyTest
[ RUN      ] UniquifyTest.ScopeHierarchy
Hello == Hello
u1 and u2 are equal
Hello == Hello
[       OK ] UniquifyTest.ScopeHierarchy (0 ms)
[----------] 1 test from UniquifyTest (0 ms total)

[----------] Global test environment tear-down
[==========] 1 test from 1 test suite ran. (0 ms total)
[  PASSED  ] 1 test.
<end of output>
Test time =   0.00 sec
----------------------------------------------------------
Test Passed.
"sayo-test" end time: May 10 06:17 UTC
"sayo-test" time elapsed: 00:00:00
----------------------------------------------------------

End testing: May 10 06:17 UTC
