Start testing: May 09 01:58 UTC
----------------------------------------------------------
1/1 Testing: sayo-test
1/1 Test: sayo-test
Command: "/workspaces/sayo/build/test/sayo-test"
Directory: /workspaces/sayo/build/test
"sayo-test" start time: May 09 01:58 UTC
Output:
----------------------------------------------------------
Running main() from /workspaces/sayo/build/_deps/googletest-src/googletest/src/gtest_main.cc
[==========] Running 2 tests from 1 test suite.
[----------] Global test environment set-up.
[----------] 2 tests from TermTest
[ RUN      ] TermTest.Uniquification
[       OK ] TermTest.Uniquification (0 ms)
[ RUN      ] TermTest.Unification
/workspaces/sayo/test/test.cpp:8: Failure
Value of: false
  Actual: false
Expected: true
[  FAILED  ] TermTest.Unification (0 ms)
[----------] 2 tests from TermTest (0 ms total)

[----------] Global test environment tear-down
[==========] 2 tests from 1 test suite ran. (0 ms total)
[  PASSED  ] 1 test.
[  FAILED  ] 1 test, listed below:
[  FAILED  ] TermTest.Unification

 1 FAILED TEST
<end of output>
Test time =   0.00 sec
----------------------------------------------------------
Test Failed.
"sayo-test" end time: May 09 01:58 UTC
"sayo-test" time elapsed: 00:00:00
----------------------------------------------------------

End testing: May 09 01:58 UTC
